<?xml version="1.0" encoding="UTF-8"?>
<!-- Generated by org.testng.reporters.JUnitReportReporter -->
<testsuite hostname="DESKTOP-13GJK5M" failures="0" tests="2" name="testcases.CartTest" time="7.266" errors="0" timestamp="2025-03-26T10:39:37 IST" skipped="0">
  <testcase classname="testcases.CartTest" name="testOpenCart" time="5.926"/>
  <system-out/>
  <testcase classname="testcases.CartTest" name="testPlaceOrder" time="1.340"/>
  <system-out/>
</testsuite> <!-- testcases.CartTest -->
