<?xml version="1.0" encoding="UTF-8"?>
<!-- Generated by org.testng.reporters.JUnitReportReporter -->
<testsuite hostname="DESKTOP-13GJK5M" failures="0" tests="2" name="testcases.LoginTest" time="26.506" errors="0" timestamp="2025-03-26T10:39:37 IST" skipped="0">
  <testcase classname="testcases.LoginTest" name="testValidLogin" time="16.969"/>
  <system-out/>
  <testcase classname="testcases.LoginTest" name="testInvalidLogin" time="9.537"/>
  <system-out/>
</testsuite> <!-- testcases.LoginTest -->
