<?xml version="1.0" encoding="UTF-8"?>
<!-- Generated by org.testng.reporters.JUnitReportReporter -->
<testsuite hostname="DESKTOP-13GJK5M" failures="0" tests="1" name="testcases.AboutUsTest" time="11.192" errors="0" timestamp="2025-03-22T12:53:54 IST" skipped="0">
  <testcase classname="testcases.AboutUsTest" name="testAboutUsNavigation" time="11.192"/>
  <system-out/>
</testsuite> <!-- testcases.AboutUsTest -->
