<?xml version="1.0" encoding="UTF-8"?>
<!-- Generated by org.testng.reporters.JUnitReportReporter -->
<testsuite hostname="DESKTOP-13GJK5M" failures="0" tests="2" name="testcases.CartTest" time="15.926" errors="0" timestamp="2025-03-22T12:53:54 IST" skipped="0">
  <testcase classname="testcases.CartTest" name="testOpenCart" time="14.631"/>
  <system-out/>
  <testcase classname="testcases.CartTest" name="testPlaceOrder" time="1.295"/>
  <system-out/>
</testsuite> <!-- testcases.CartTest -->
