<?xml version="1.0" encoding="UTF-8"?>
<!-- Generated by org.testng.reporters.JUnitReportReporter -->
<testsuite hostname="DESKTOP-13GJK5M" failures="0" tests="2" name="testcases.LoginTest" time="23.866" errors="0" timestamp="2025-03-22T12:53:54 IST" skipped="0">
  <testcase classname="testcases.LoginTest" name="testValidLogin" time="13.846"/>
  <system-out/>
  <testcase classname="testcases.LoginTest" name="testInvalidLogin" time="10.020"/>
  <system-out/>
</testsuite> <!-- testcases.LoginTest -->
