<?xml version="1.0" encoding="UTF-8"?>
<!-- Generated by org.testng.reporters.JUnitReportReporter -->
<testsuite hostname="DESKTOP-13GJK5M" failures="0" tests="1" name="testcases.CategoryTest" time="18.192" errors="0" timestamp="2025-03-26T10:39:37 IST" skipped="0">
  <testcase classname="testcases.CategoryTest" name="testAddingProductsFromDifferentCategories" time="18.192"/>
  <system-out/>
</testsuite> <!-- testcases.CategoryTest -->
